<?xml version="1.0" encoding="UTF-8"?>
<!-- Generated by org.testng.reporters.JUnitXMLReporter -->
<testsuite ignored="4" hostname="Ijazs-MacBook-Pro.fritz.box" failures="0" tests="1" name="Surefire test" time="0.032" errors="0" timestamp="2025-03-19T16:37:15 CET">
  <testcase classname="tests.BaseTest" name="@BeforeTest androidSetup" time="0.019">
    <failure type="java.lang.NoSuchMethodError" message="&amp;apos;void org.openqa.selenium.remote.http.ClientConfig.&amp;lt;init&amp;gt;(java.net.URI, java.time.Duration, java.time.Duration, org.openqa.selenium.remote.http.Filter, java.net.Proxy, org.openqa.selenium.Credentials)&amp;apos;">
      <![CDATA[java.lang.NoSuchMethodError: 'void org.openqa.selenium.remote.http.ClientConfig.<init>(java.net.URI, java.time.Duration, java.time.Duration, org.openqa.selenium.remote.http.Filter, java.net.Proxy, org.openqa.selenium.Credentials)'
at io.appium.java_client.AppiumClientConfig.<init>(AppiumClientConfig.java:62)
at io.appium.java_client.AppiumClientConfig.defaultConfig(AppiumClientConfig.java:79)
at io.appium.java_client.remote.AppiumCommandExecutor.<init>(AppiumCommandExecutor.java:109)
at io.appium.java_client.AppiumDriver.<init>(AppiumDriver.java:101)
at io.appium.java_client.android.AndroidDriver.<init>(AndroidDriver.java:113)
at tests.BaseTest.androidSetup(BaseTest.java:57)
... Removed 27 stack frames]]>
    </failure>
  </testcase> <!-- @BeforeTest androidSetup -->
  <testcase classname="tests.AccountTests" name="@BeforeClass setUp" time="0.0">
    <skipped/>
  </testcase> <!-- @BeforeClass setUp -->
  <testcase classname="tests.BaseTest" name="@AfterTest tearDown" time="0.0">
    <skipped/>
  </testcase> <!-- @AfterTest tearDown -->
  <testcase classname="tests.AccountTests" name="Applaunched" time="0.0">
    <skipped/>
  </testcase> <!-- Applaunched -->
  <testcase classname="tests.BaseTest" name="@BeforeTest androidSetup" time="0.0">
    <ignored/>
  </testcase> <!-- @BeforeTest androidSetup -->
  <testcase classname="tests.BaseTest" name="@AfterSuite ReportTearDown" time="0.0">
    <ignored/>
  </testcase> <!-- @AfterSuite ReportTearDown -->
  <testcase classname="tests.BaseTest" name="@AfterTest tearDown" time="0.0">
    <ignored/>
  </testcase> <!-- @AfterTest tearDown -->
  <testcase classname="tests.BaseTest" name="@BeforeSuite ReportSetup" time="0.0">
    <ignored/>
  </testcase> <!-- @BeforeSuite ReportSetup -->
</testsuite> <!-- Surefire test -->
